[2024-08-31 09:47:17.299] [info]  No state version found, assuming empty state.
[2024-08-31 09:47:17.462] [info]  Coredumps are disabled in renderer process
[2024-08-31 09:47:18.346] [info]  State version: 68
[2024-08-31 09:47:18.445] [info]  Retrieving 'global_applicationId_appId' from storage, value is null
[2024-08-31 09:47:18.449] [info]  Updating 'global_applicationId_appId' from null to non-null
[2024-08-31 09:47:30.573] [info]  Retrieving 'global_applicationId_appId' from storage, value is non-null
[2024-08-31 09:47:38.153] [info]  Retrieving 'global_applicationId_appId' from storage, value is non-null
[2024-08-31 09:47:40.471] [error] {
  response: {
    error: 'invalid_grant',
    error_description: 'invalid_username_or_password',
    ErrorModel: {
      Message: 'Username or password is incorrect. Try again.',
      Object: 'error'
    }
  },
  message: 'Username or password is incorrect. Try again.',
  captchaRequired: false,
  statusCode: 400
}
[2024-08-31 09:47:40.475] [error] Received API exception: {
  response: {
    error: 'invalid_grant',
    error_description: 'invalid_username_or_password',
    ErrorModel: {
      Message: 'Username or password is incorrect. Try again.',
      Object: 'error'
    }
  },
  message: 'Username or password is incorrect. Try again.',
  captchaRequired: false,
  statusCode: 400
}
[2024-08-31 09:47:50.552] [info]  Retrieving 'global_applicationId_appId' from storage, value is non-null
[2024-08-31 09:47:51.046] [info]  Error: No password found
[2024-08-31 09:47:51.472] [info]  Finished search indexing
[2024-08-31 09:47:52.561] [info]  Starting decryption using multithreading
[2024-08-31 09:47:52.727] [info]  Finished search indexing
[2024-08-31 09:49:29.010] [error] TypeError: Object has been destroyed
    at WindowMain.<anonymous> (/usr/lib/bitwarden/app.asar/main.js:86121:36)
    at Generator.next (<anonymous>)
    at /usr/lib/bitwarden/app.asar/main.js:85852:71
    at new Promise (<anonymous>)
    at window_main_awaiter (/usr/lib/bitwarden/app.asar/main.js:85848:12)
    at WindowMain.updateWindowState (/usr/lib/bitwarden/app.asar/main.js:86116:16)
    at WindowMain.<anonymous> (/usr/lib/bitwarden/app.asar/main.js:86051:28)
    at Generator.next (<anonymous>)
    at /usr/lib/bitwarden/app.asar/main.js:85852:71
    at new Promise (<anonymous>)
